<?xml version="1.0" encoding="UTF-8"?>
<testsuite xmlns:xsi="http://www.w3.org/2001/XMLSchema-instance" xsi:noNamespaceSchemaLocation="https://maven.apache.org/surefire/maven-surefire-plugin/xsd/surefire-test-report-3.0.xsd" version="3.0" name="com.example.demo.Oauth2DemoApplicationTests" time="9.661" tests="1" errors="0" skipped="0" failures="0">
  <properties>
[...]
</properties>
  <testcase name="contextLoads" classname="com.example.demo.Oauth2DemoApplicationTests" time="2.316">
    <system-out><![CDATA[20:35:26.294 [main] INFO org.springframework.test.context.support.AnnotationConfigContextLoaderUtils -- Could not detect default configuration classes for test class [com.example.demo.Oauth2DemoApplicationTests]: Oauth2DemoApplicationTests does not declare any static, non-private, non-final, nested classes annotated with @Configuration.
20:35:26.685 [main] INFO org.springframework.boot.test.context.SpringBootTestContextBootstrapper -- Found @SpringBootConfiguration com.example.demo.Oauth2DemoApplication for test class com.example.demo.Oauth2DemoApplicationTests

  .   ____          _            __ _ _
 /\\ / ___'_ __ _ _(_)_ __  __ _ \ \ \ \
( ( )\___ | '_ | '_| | '_ \/ _` | \ \ \ \
 \\/  ___)| |_)| | | | | || (_| |  ) ) ) )
  '  |____| .__|_| |_|_| |_\__, | / / / /
 =========|_|==============|___/=/_/_/_/

 :: Spring Boot ::                (v3.3.4)

2024-12-02T20:35:28.056+05:30  INFO 3284 --- [oauth2-demo] [           main] c.e.demo.Oauth2DemoApplicationTests      : Starting Oauth2DemoApplicationTests using Java 17.0.13 with PID 3284 (started by root in /mnt/c/sem5/CD/oauth2-demo)
2024-12-02T20:35:28.058+05:30  INFO 3284 --- [oauth2-demo] [           main] c.e.demo.Oauth2DemoApplicationTests      : No active profile set, falling back to 1 default profile: "default"
2024-12-02T20:35:33.096+05:30  INFO 3284 --- [oauth2-demo] [           main] c.e.demo.Oauth2DemoApplicationTests      : Started Oauth2DemoApplicationTests in 5.87 seconds (process running for 8.198)
]]></system-out>
  </testcase>
</testsuite>